0 info it worked if it ends with ok
1 verbose cli [ '/usr/local/bin/node',
1 verbose cli   '/usr/local/bin/npm',
1 verbose cli   'install',
1 verbose cli   'cluster',
1 verbose cli   '-',
1 verbose cli   'g' ]
2 info using npm@3.10.10
3 info using node@v6.9.5
4 silly loadCurrentTree Starting
5 silly install loadCurrentTree
6 silly install readLocalPackageData
7 silly fetchPackageMetaData cluster
8 silly fetchPackageMetaData -
9 silly fetchPackageMetaData g
10 silly fetchNamedPackageData cluster
11 silly mapToRegistry name cluster
12 silly mapToRegistry using default registry
13 silly mapToRegistry registry http://artifactory.cobalt.com/artifactory/api/npm/npm-repo
14 silly mapToRegistry data Result {
14 silly mapToRegistry   raw: 'cluster',
14 silly mapToRegistry   scope: null,
14 silly mapToRegistry   escapedName: 'cluster',
14 silly mapToRegistry   name: 'cluster',
14 silly mapToRegistry   rawSpec: '',
14 silly mapToRegistry   spec: 'latest',
14 silly mapToRegistry   type: 'tag' }
15 silly mapToRegistry uri http://artifactory.cobalt.com/artifactory/api/npm/npm-repo/cluster
16 silly fetchOtherPackageData -
17 silly cache add args [ '-', null ]
18 verbose cache add spec -
19 silly fetchNamedPackageData g
20 silly mapToRegistry name g
21 silly mapToRegistry using default registry
22 silly mapToRegistry registry http://artifactory.cobalt.com/artifactory/api/npm/npm-repo
23 silly mapToRegistry data Result {
23 silly mapToRegistry   raw: 'g',
23 silly mapToRegistry   scope: null,
23 silly mapToRegistry   escapedName: 'g',
23 silly mapToRegistry   name: 'g',
23 silly mapToRegistry   rawSpec: '',
23 silly mapToRegistry   spec: 'latest',
23 silly mapToRegistry   type: 'tag' }
24 silly mapToRegistry uri http://artifactory.cobalt.com/artifactory/api/npm/npm-repo/g
25 silly cache add parsed spec Result {
25 silly cache add   raw: '-',
25 silly cache add   scope: null,
25 silly cache add   escapedName: null,
25 silly cache add   name: null,
25 silly cache add   rawSpec: '-',
25 silly cache add   spec: '/Users/patnaikn/WebstormProjects/sitebuilder/-',
25 silly cache add   type: 'local' }
26 verbose request uri http://artifactory.cobalt.com/artifactory/api/npm/npm-repo/cluster
27 verbose request no auth needed
28 info attempt registry request try #1 at 5:13:51 PM
29 verbose request id b2dc29f66dc8356f
30 http request GET http://artifactory.cobalt.com/artifactory/api/npm/npm-repo/cluster
31 verbose request uri http://artifactory.cobalt.com/artifactory/api/npm/npm-repo/g
32 verbose request no auth needed
33 info attempt registry request try #1 at 5:13:51 PM
34 http request GET http://artifactory.cobalt.com/artifactory/api/npm/npm-repo/g
35 error addLocal Could not install /Users/patnaikn/WebstormProjects/sitebuilder/-
36 silly fetchPackageMetaData Error: ENOENT: no such file or directory, open '/Users/patnaikn/WebstormProjects/sitebuilder/-'
36 silly fetchPackageMetaData     at Error (native)
36 silly fetchPackageMetaData  error for - { Error: ENOENT: no such file or directory, open '/Users/patnaikn/WebstormProjects/sitebuilder/-'
36 silly fetchPackageMetaData     at Error (native)
36 silly fetchPackageMetaData   errno: -2,
36 silly fetchPackageMetaData   code: 'ENOENT',
36 silly fetchPackageMetaData   syscall: 'open',
36 silly fetchPackageMetaData   path: '/Users/patnaikn/WebstormProjects/sitebuilder/-' }
37 http 200 http://artifactory.cobalt.com/artifactory/api/npm/npm-repo/g
38 verbose headers { server: 'Artifactory/5.4.6',
38 verbose headers   'x-artifactory-id': '0bf314d4a898e66a:-19516c00:15df37c283e:-8000',
38 verbose headers   etag: '1854d8180023410b07d40e5b870060d277bebbe4',
38 verbose headers   'content-type': 'application/json',
38 verbose headers   'transfer-encoding': 'chunked',
38 verbose headers   date: 'Wed, 29 Nov 2017 11:43:51 GMT' }
39 silly get cb [ 200,
39 silly get   { server: 'Artifactory/5.4.6',
39 silly get     'x-artifactory-id': '0bf314d4a898e66a:-19516c00:15df37c283e:-8000',
39 silly get     etag: '1854d8180023410b07d40e5b870060d277bebbe4',
39 silly get     'content-type': 'application/json',
39 silly get     'transfer-encoding': 'chunked',
39 silly get     date: 'Wed, 29 Nov 2017 11:43:51 GMT' } ]
40 verbose get saving g to /Users/patnaikn/.npm/artifactory.cobalt.com/artifactory/api/npm/npm-repo/g/.cache.json
41 verbose correctMkdir /Users/patnaikn/.npm correctMkdir not in flight; initializing
42 http 200 http://artifactory.cobalt.com/artifactory/api/npm/npm-repo/cluster
43 verbose headers { server: 'Artifactory/5.4.6',
43 verbose headers   'x-artifactory-id': '0bf314d4a898e66a:-19516c00:15df37c283e:-8000',
43 verbose headers   etag: '129ebb23719373a313a4db92019010e10ac8908e',
43 verbose headers   'content-type': 'application/json',
43 verbose headers   'transfer-encoding': 'chunked',
43 verbose headers   date: 'Wed, 29 Nov 2017 11:43:51 GMT' }
44 silly get cb [ 200,
44 silly get   { server: 'Artifactory/5.4.6',
44 silly get     'x-artifactory-id': '0bf314d4a898e66a:-19516c00:15df37c283e:-8000',
44 silly get     etag: '129ebb23719373a313a4db92019010e10ac8908e',
44 silly get     'content-type': 'application/json',
44 silly get     'transfer-encoding': 'chunked',
44 silly get     date: 'Wed, 29 Nov 2017 11:43:51 GMT' } ]
45 verbose get saving cluster to /Users/patnaikn/.npm/artifactory.cobalt.com/artifactory/api/npm/npm-repo/cluster/.cache.json
46 verbose correctMkdir /Users/patnaikn/.npm correctMkdir not in flight; initializing
47 silly rollbackFailedOptional Starting
48 silly rollbackFailedOptional Finishing
49 silly runTopLevelLifecycles Finishing
50 silly install printInstalled
51 verbose stack Error: ENOENT: no such file or directory, open '/Users/patnaikn/WebstormProjects/sitebuilder/-'
51 verbose stack     at Error (native)
52 verbose cwd /Users/patnaikn/WebstormProjects/sitebuilder
53 error Darwin 15.6.0
54 error argv "/usr/local/bin/node" "/usr/local/bin/npm" "install" "cluster" "-" "g"
55 error node v6.9.5
56 error npm  v3.10.10
57 error path /Users/patnaikn/WebstormProjects/sitebuilder/-
58 error code ENOENT
59 error errno -2
60 error syscall open
61 error enoent ENOENT: no such file or directory, open '/Users/patnaikn/WebstormProjects/sitebuilder/-'
62 error enoent ENOENT: no such file or directory, open '/Users/patnaikn/WebstormProjects/sitebuilder/-'
62 error enoent This is most likely not a problem with npm itself
62 error enoent and is related to npm not being able to find a file.
63 verbose exit [ -2, true ]
